<?xml version="1.0" encoding="UTF-8"?>
<testng-results ignored="0" total="2" passed="2" failed="0" skipped="0">
  <reporter-output>
  </reporter-output>
  <suite started-at="2018-11-20T08:10:58Z" name="Default suite" finished-at="2018-11-20T08:10:59Z" duration-ms="91">
    <groups>
    </groups>
    <test started-at="2018-11-20T08:10:58Z" name="Default test" finished-at="2018-11-20T08:10:59Z" duration-ms="91">
      <class name="com.accent.pkg.Test2">
        <test-method is-config="true" signature="beforeClass()[pri:0, instance:com.accent.pkg.Test2@2d2ffcb7]" started-at="2018-11-20T08:10:58Z" name="beforeClass" finished-at="2018-11-20T08:10:58Z" duration-ms="23" status="PASS">
          <reporter-output>
          </reporter-output>
        </test-method> <!-- beforeClass -->
        <test-method signature="testAdd()[pri:0, instance:com.accent.pkg.Test2@2d2ffcb7]" started-at="2018-11-20T08:10:59Z" name="testAdd" finished-at="2018-11-20T08:10:59Z" duration-ms="7" status="PASS">
          <reporter-output>
          </reporter-output>
        </test-method> <!-- testAdd -->
        <test-method signature="testSubtract()[pri:0, instance:com.accent.pkg.Test2@2d2ffcb7]" started-at="2018-11-20T08:10:59Z" name="testSubtract" finished-at="2018-11-20T08:10:59Z" duration-ms="4" status="PASS">
          <reporter-output>
          </reporter-output>
        </test-method> <!-- testSubtract -->
        <test-method is-config="true" signature="afterClass()[pri:0, instance:com.accent.pkg.Test2@2d2ffcb7]" started-at="2018-11-20T08:10:59Z" name="afterClass" finished-at="2018-11-20T08:10:59Z" duration-ms="1" status="PASS">
          <reporter-output>
          </reporter-output>
        </test-method> <!-- afterClass -->
      </class> <!-- com.accent.pkg.Test2 -->
    </test> <!-- Default test -->
  </suite> <!-- Default suite -->
</testng-results>
